[    0.000000] Linux version 4.15.0-212-generic (buildd@lcy02-amd64-083) (gcc version 7.5.0 (Ubuntu 7.5.0-3ubuntu1~18.04)) #223-Ubuntu SMP Tue May 23 13:09:22 UTC 2023 (Ubuntu 4.15.0-212.223-generic 4.15.18)
[    0.000000] Command line: BOOT_IMAGE=/boot/vmlinuz-4.15.0-212-generic root=LABEL=cloudimg-rootfs ro console=tty1 console=ttyS0
[    0.000000] KERNEL supported cpus:
[    0.000000]   Intel GenuineIntel
[    0.000000]   AMD AuthenticAMD
[    0.000000]   Centaur CentaurHauls
[    0.000000] x86/fpu: Supporting XSAVE feature 0x001: 'x87 floating point registers'
[    0.000000] x86/fpu: Supporting XSAVE feature 0x002: 'SSE registers'
[    0.000000] x86/fpu: Supporting XSAVE feature 0x004: 'AVX registers'
[    0.000000] x86/fpu: xstate_offset[2]:  576, xstate_sizes[2]:  256
[    0.000000] x86/fpu: Enabled xstate features 0x7, context size is 832 bytes, using 'standard' format.
[    0.000000] e820: BIOS-provided physical RAM map:
[    0.000000] BIOS-e820: [mem 0x0000000000000000-0x000000000009fbff] usable
[    0.000000] BIOS-e820: [mem 0x000000000009fc00-0x000000000009ffff] reserved
[    0.000000] BIOS-e820: [mem 0x00000000000f0000-0x00000000000fffff] reserved
[    0.000000] BIOS-e820: [mem 0x0000000000100000-0x000000000ffeffff] usable
[    0.000000] BIOS-e820: [mem 0x000000000fff0000-0x000000000fffffff] ACPI data
[    0.000000] BIOS-e820: [mem 0x00000000fec00000-0x00000000fec00fff] reserved
[    0.000000] BIOS-e820: [mem 0x00000000fee00000-0x00000000fee00fff] reserved
[    0.000000] BIOS-e820: [mem 0x00000000fffc0000-0x00000000ffffffff] reserved
[    0.000000] NX (Execute Disable) protection: active
[    0.000000] SMBIOS 2.5 present.
[    0.000000] DMI: innotek GmbH VirtualBox/VirtualBox, BIOS VirtualBox 12/01/2006
[    0.000000] Hypervisor detected: KVM
[    0.000000] e820: last_pfn = 0xfff0 max_arch_pfn = 0x400000000
[    0.000000] MTRR: Disabled
[    0.000000] x86/PAT: MTRRs disabled, skipping PAT initialization too.
[    0.000000] CPU MTRRs all blank - virtualized system.
[    0.000000] x86/PAT: Configuration [0-7]: WB  WT  UC- UC  WB  WT  UC- UC  
[    0.000000] found SMP MP-table at [mem 0x0009fff0-0x0009ffff]
[    0.000000] Scanning 1 areas for low memory corruption
[    0.000000] RAMDISK: [mem 0x0db01000-0x0ee12fff]
[    0.000000] ACPI: Early table checksum verification disabled
[    0.000000] ACPI: RSDP 0x00000000000E0000 000024 (v02 VBOX  )
[    0.000000] ACPI: XSDT 0x000000000FFF0030 00003C (v01 VBOX   VBOXXSDT 00000001 ASL  00000061)
[    0.000000] ACPI: FACP 0x000000000FFF00F0 0000F4 (v04 VBOX   VBOXFACP 00000001 ASL  00000061)
[    0.000000] ACPI: DSDT 0x000000000FFF0610 002353 (v02 VBOX   VBOXBIOS 00000002 INTL 20100528)
[    0.000000] ACPI: FACS 0x000000000FFF0200 000040
[    0.000000] ACPI: FACS 0x000000000FFF0200 000040
[    0.000000] ACPI: APIC 0x000000000FFF0240 000054 (v02 VBOX   VBOXAPIC 00000001 ASL  00000061)
[    0.000000] ACPI: SSDT 0x000000000FFF02A0 00036C (v01 VBOX   VBOXCPUT 00000002 INTL 20100528)
[    0.000000] ACPI: Reserving FACP table memory at [mem 0xfff00f0-0xfff01e3]
[    0.000000] ACPI: Reserving DSDT table memory at [mem 0xfff0610-0xfff2962]
[    0.000000] ACPI: Reserving FACS table memory at [mem 0xfff0200-0xfff023f]
[    0.000000] ACPI: Reserving FACS table memory at [mem 0xfff0200-0xfff023f]
[    0.000000] ACPI: Reserving APIC table memory at [mem 0xfff0240-0xfff0293]
[    0.000000] ACPI: Reserving SSDT table memory at [mem 0xfff02a0-0xfff060b]
[    0.000000] No NUMA configuration found
[    0.000000] Faking a node at [mem 0x0000000000000000-0x000000000ffeffff]
[    0.000000] NODE_DATA(0) allocated [mem 0x0ffc5000-0x0ffeffff]
[    0.000000] kvm-clock: cpu 0, msr 0:ff44001, primary cpu clock
[    0.000000] kvm-clock: Using msrs 4b564d01 and 4b564d00
[    0.000000] kvm-clock: using sched offset of 4100616295 cycles
[    0.000000] clocksource: kvm-clock: mask: 0xffffffffffffffff max_cycles: 0x1cd42e4dffb, max_idle_ns: 881590591483 ns
[    0.000000] Zone ranges:
[    0.000000]   DMA      [mem 0x0000000000001000-0x0000000000ffffff]
[    0.000000]   DMA32    [mem 0x0000000001000000-0x000000000ffeffff]
[    0.000000]   Normal   empty
[    0.000000]   Device   empty
[    0.000000] Movable zone start for each node
[    0.000000] Early memory node ranges
[    0.000000]   node   0: [mem 0x0000000000001000-0x000000000009efff]
[    0.000000]   node   0: [mem 0x0000000000100000-0x000000000ffeffff]
[    0.000000] Reserved but unavailable: 104 pages
[    0.000000] Initmem setup node 0 [mem 0x0000000000001000-0x000000000ffeffff]
[    0.000000] ACPI: PM-Timer IO Port: 0x4008
[    0.000000] IOAPIC[0]: apic_id 1, version 32, address 0xfec00000, GSI 0-23
[    0.000000] ACPI: INT_SRC_OVR (bus 0 bus_irq 0 global_irq 2 dfl dfl)
[    0.000000] ACPI: INT_SRC_OVR (bus 0 bus_irq 9 global_irq 9 low level)
[    0.000000] Using ACPI (MADT) for SMP configuration information
[    0.000000] smpboot: Allowing 1 CPUs, 0 hotplug CPUs
[    0.000000] PM: Registered nosave memory: [mem 0x00000000-0x00000fff]
[    0.000000] PM: Registered nosave memory: [mem 0x0009f000-0x0009ffff]
[    0.000000] PM: Registered nosave memory: [mem 0x000a0000-0x000effff]
[    0.000000] PM: Registered nosave memory: [mem 0x000f0000-0x000fffff]
[    0.000000] e820: [mem 0x10000000-0xfebfffff] available for PCI devices
[    0.000000] Booting paravirtualized kernel on KVM
[    0.000000] clocksource: refined-jiffies: mask: 0xffffffff max_cycles: 0xffffffff, max_idle_ns: 7645519600211568 ns
[    0.000000] setup_percpu: NR_CPUS:8192 nr_cpumask_bits:1 nr_cpu_ids:1 nr_node_ids:1
[    0.000000] percpu: Embedded 50 pages/cpu s167936 r8192 d28672 u2097152
[    0.000000] PV qspinlock hash table entries: 256 (order: 0, 4096 bytes)
[    0.000000] Built 1 zonelists, mobility grouping on.  Total pages: 64377
[    0.000000] Policy zone: DMA32
[    0.000000] Kernel command line: BOOT_IMAGE=/boot/vmlinuz-4.15.0-212-generic root=LABEL=cloudimg-rootfs ro console=tty1 console=ttyS0
[    0.000000] Memory: 208700K/261688K available (12300K kernel code, 2477K rwdata, 4324K rodata, 2480K init, 2720K bss, 52988K reserved, 0K cma-reserved)
[    0.000000] SLUB: HWalign=64, Order=0-3, MinObjects=0, CPUs=1, Nodes=1
[    0.000000] Kernel/User page tables isolation: enabled
[    0.000000] ftrace: allocating 39508 entries in 155 pages
[    0.004000] Hierarchical RCU implementation.
[    0.004000] 	RCU restricting CPUs from NR_CPUS=8192 to nr_cpu_ids=1.
[    0.004000] 	Tasks RCU enabled.
[    0.004000] RCU: Adjusting geometry for rcu_fanout_leaf=16, nr_cpu_ids=1
[    0.004000] NR_IRQS: 524544, nr_irqs: 256, preallocated irqs: 16
[    0.004000] random: crng init done
[    0.004000] Console: colour VGA+ 80x25
[    0.004000] console [tty1] enabled
[    0.004000] console [ttyS0] enabled
[    0.004000] ACPI: Core revision 20170831
[    0.004000] ACPI: 2 ACPI AML tables successfully acquired and loaded
[    0.004000] APIC: Switch to symmetric I/O mode setup
[    0.004000] x2apic enabled
[    0.004000] Switched APIC routing to physical x2apic.
[    0.006225] ..TIMER: vector=0x30 apic1=0 pin1=2 apic2=-1 pin2=-1
[    0.008005] tsc: Detected 2399.998 MHz processor
[    0.009542] Calibrating delay loop (skipped) preset value.. 4799.99 BogoMIPS (lpj=9599992)
[    0.012004] pid_max: default: 32768 minimum: 301
[    0.013655] Security Framework initialized
[    0.016003] Yama: becoming mindful.
[    0.017232] AppArmor: AppArmor initialized
[    0.018680] Dentry cache hash table entries: 32768 (order: 6, 262144 bytes)
[    0.020030] Inode-cache hash table entries: 16384 (order: 5, 131072 bytes)
[    0.022199] Mount-cache hash table entries: 512 (order: 0, 4096 bytes)
[    0.024005] Mountpoint-cache hash table entries: 512 (order: 0, 4096 bytes)
[    0.026722] process: using mwait in idle threads
[    0.028009] Last level iTLB entries: 4KB 64, 2MB 8, 4MB 8
[    0.029613] Last level dTLB entries: 4KB 64, 2MB 0, 4MB 0, 1GB 4
[    0.032003] Spectre V1 : Mitigation: usercopy/swapgs barriers and __user pointer sanitization
[    0.034617] Spectre V2 : Mitigation: Retpolines
[    0.036002] Spectre V2 : Spectre v2 / SpectreRSB mitigation: Filling RSB on context switch
[    0.038578] Spectre V2 : Spectre v2 / SpectreRSB : Filling RSB on VMEXIT
[    0.040002] RETBleed: WARNING: Spectre v2 mitigation leaves CPU vulnerable to RETBleed attacks, data leaks possible!
[    0.044003] RETBleed: Vulnerable
[    0.045133] Speculative Store Bypass: Vulnerable
[    0.046818] MDS: Mitigation: Clear CPU buffers
[    0.048002] MMIO Stale Data: Mitigation: Clear CPU buffers
[    0.049763] SRBDS: Unknown: Dependent on hypervisor status
[    0.068205] Freeing SMP alternatives memory: 36K
[    0.180641] smpboot: CPU0: Intel(R) Core(TM) i5-6200U CPU @ 2.30GHz (family: 0x6, model: 0x4e, stepping: 0x3)
[    0.184000] Performance Events: unsupported p6 CPU model 78 no PMU driver, software events only.
[    0.184047] Hierarchical SRCU implementation.
[    0.188676] NMI watchdog: Perf event create on CPU 0 failed with -2
[    0.191795] NMI watchdog: Perf NMI watchdog permanently disabled
[    0.192050] smp: Bringing up secondary CPUs ...
[    0.196003] smp: Brought up 1 node, 1 CPU
[    0.198064] smpboot: Max logical packages: 1
[    0.200003] smpboot: Total of 1 processors activated (4799.99 BogoMIPS)
[    0.204126] devtmpfs: initialized
[    0.205941] x86/mm: Memory block size: 128MB
[    0.208126] evm: security.selinux
[    0.209407] evm: security.SMACK64
[    0.210563] evm: security.SMACK64EXEC
[    0.212003] evm: security.SMACK64TRANSMUTE
[    0.213485] evm: security.SMACK64MMAP
[    0.214755] evm: security.apparmor
[    0.216002] evm: security.ima
[    0.217054] evm: security.capability
[    0.218450] clocksource: jiffies: mask: 0xffffffff max_cycles: 0xffffffff, max_idle_ns: 7645041785100000 ns
[    0.220011] futex hash table entries: 256 (order: 2, 16384 bytes)
[    0.224056] pinctrl core: initialized pinctrl subsystem
[    0.225919] RTC time: 21:34:40, date: 08/05/24
[    0.228088] NET: Registered protocol family 16
[    0.229790] audit: initializing netlink subsys (disabled)
[    0.232150] cpuidle: using governor ladder
[    0.233620] cpuidle: using governor menu
[    0.235150] ACPI: bus type PCI registered
[    0.236002] acpiphp: ACPI Hot Plug PCI Controller Driver version: 0.5
[    0.238221] audit: type=2000 audit(1722893686.341:1): state=initialized audit_enabled=0 res=1
[    0.240112] PCI: Using configuration type 1 for base access
[    0.245418] HugeTLB registered 2.00 MiB page size, pre-allocated 0 pages
[    0.247866] ACPI: Added _OSI(Module Device)
[    0.248005] ACPI: Added _OSI(Processor Device)
[    0.249583] ACPI: Added _OSI(3.0 _SCP Extensions)
[    0.252005] ACPI: Added _OSI(Processor Aggregator Device)
[    0.256013] ACPI: Added _OSI(Linux-Dell-Video)
[    0.258293] ACPI: Added _OSI(Linux-Lenovo-NV-HDMI-Audio)
[    0.260028] ACPI: Added _OSI(Linux-HPI-Hybrid-Graphics)
[    0.264388] ACPI: Executed 1 blocks of module-level executable AML code
[    0.275320] ACPI: Interpreter enabled
[    0.276041] ACPI: (supports S0 S5)
[    0.280010] ACPI: Using IOAPIC for interrupt routing
[    0.284497] PCI: Using host bridge windows from ACPI; if necessary, use "pci=nocrs" and report a bug
[    0.288337] ACPI: Enabled 2 GPEs in block 00 to 07
[    0.306381] ACPI: PCI Root Bridge [PCI0] (domain 0000 [bus 00-ff])
[    0.308023] acpi PNP0A03:00: _OSC: OS supports [ASPM ClockPM Segments MSI]
[    0.313051] acpi PNP0A03:00: _OSC: not requesting OS control; OS requires [ExtendedConfig ASPM ClockPM MSI]
[    0.316033] acpi PNP0A03:00: fail to add MMCONFIG information, can't access extended PCI configuration space under this bridge.
[    0.320730] PCI host bridge to bus 0000:00
[    0.324000] pci_bus 0000:00: root bus resource [io  0x0000-0x0cf7 window]
[    0.324008] pci_bus 0000:00: root bus resource [io  0x0d00-0xffff window]
[    0.328007] pci_bus 0000:00: root bus resource [mem 0x000a0000-0x000bffff window]
[    0.332007] pci_bus 0000:00: root bus resource [mem 0x10000000-0xfdffffff window]
[    0.336006] pci_bus 0000:00: root bus resource [bus 00-ff]
[    0.343600] pci 0000:00:01.1: legacy IDE quirk: reg 0x10: [io  0x01f0-0x01f7]
[    0.344011] pci 0000:00:01.1: legacy IDE quirk: reg 0x14: [io  0x03f6]
[    0.348008] pci 0000:00:01.1: legacy IDE quirk: reg 0x18: [io  0x0170-0x0177]
[    0.352012] pci 0000:00:01.1: legacy IDE quirk: reg 0x1c: [io  0x0376]
[    0.371810] pci 0000:00:07.0: quirk: [io  0x4000-0x403f] claimed by PIIX4 ACPI
[    0.372048] pci 0000:00:07.0: quirk: [io  0x4100-0x410f] claimed by PIIX4 SMB
[    0.386967] ACPI: PCI Interrupt Link [LNKA] (IRQs 5 9 10 *11)
[    0.388579] ACPI: PCI Interrupt Link [LNKB] (IRQs 5 9 *10 11)
[    0.390526] ACPI: PCI Interrupt Link [LNKC] (IRQs 5 *9 10 11)
[    0.392199] ACPI: PCI Interrupt Link [LNKD] (IRQs 5 9 10 *11)
[    0.394468] SCSI subsystem initialized
[    0.396116] pci 0000:00:02.0: vgaarb: setting as boot VGA device
[    0.397961] pci 0000:00:02.0: vgaarb: VGA device added: decodes=io+mem,owns=io+mem,locks=none
[    0.400006] pci 0000:00:02.0: vgaarb: bridge control possible
[    0.404002] vgaarb: loaded
[    0.404960] ACPI: bus type USB registered
[    0.406267] usbcore: registered new interface driver usbfs
[    0.408000] usbcore: registered new interface driver hub
[    0.408011] usbcore: registered new device driver usb
[    0.409686] EDAC MC: Ver: 3.0.0
[    0.412440] PCI: Using ACPI for IRQ routing
[    0.414233] NetLabel: Initializing
[    0.415396] NetLabel:  domain hash size = 128
[    0.416002] NetLabel:  protocols = UNLABELED CIPSOv4 CALIPSO
[    0.417741] NetLabel:  unlabeled traffic allowed by default
[    0.420127] clocksource: Switched to clocksource kvm-clock
[    0.436008] VFS: Disk quotas dquot_6.6.0
[    0.437854] VFS: Dquot-cache hash table entries: 512 (order 0, 4096 bytes)
[    0.440285] AppArmor: AppArmor Filesystem Enabled
[    0.441975] pnp: PnP ACPI init
[    0.444613] pnp: PnP ACPI: found 3 devices
[    0.451733] clocksource: acpi_pm: mask: 0xffffff max_cycles: 0xffffff, max_idle_ns: 2085701024 ns
[    0.454611] NET: Registered protocol family 2
[    0.456169] IP idents hash table entries: 4096 (order: 3, 32768 bytes)
[    0.458400] TCP established hash table entries: 2048 (order: 2, 16384 bytes)
[    0.460738] TCP bind hash table entries: 2048 (order: 3, 32768 bytes)
[    0.462917] TCP: Hash tables configured (established 2048 bind 2048)
[    0.465047] UDP hash table entries: 256 (order: 1, 8192 bytes)
[    0.466991] UDP-Lite hash table entries: 256 (order: 1, 8192 bytes)
[    0.469173] NET: Registered protocol family 1
[    0.470792] pci 0000:00:00.0: Limiting direct PCI/PCI transfers
[    0.473043] pci 0000:00:01.0: Activating ISA DMA hang workarounds
[    0.475207] pci 0000:00:02.0: Video device with shadowed ROM at [mem 0x000c0000-0x000dffff]
[    0.478150] Unpacking initramfs...
[    0.795309] Freeing initrd memory: 19528K
[    0.797149] clocksource: tsc: mask: 0xffffffffffffffff max_cycles: 0x229835b7123, max_idle_ns: 440795242976 ns
[    0.800738] platform rtc_cmos: registered platform RTC device (no PNP device found)
[    0.803582] Scanning for low memory corruption every 60 seconds
[    0.806306] Initialise system trusted keyrings
[    0.807901] Key type blacklist registered
[    0.809438] workingset: timestamp_bits=36 max_order=16 bucket_order=0
[    0.813054] zbud: loaded
[    0.814656] squashfs: version 4.0 (2009/01/31) Phillip Lougher
[    0.816920] fuse init (API version 7.26)
[    0.819269] Key type asymmetric registered
[    0.820655] Asymmetric key parser 'x509' registered
[    0.822299] Block layer SCSI generic (bsg) driver version 0.4 loaded (major 246)
[    0.824811] io scheduler noop registered
[    0.826056] io scheduler deadline registered
[    0.827462] io scheduler cfq registered (default)
[    0.829400] ACPI: AC Adapter [AC] (on-line)
[    0.830827] input: Power Button as /devices/LNXSYSTM:00/LNXPWRBN:00/input/input0
[    0.833216] ACPI: Power Button [PWRF]
[    0.834502] input: Sleep Button as /devices/LNXSYSTM:00/LNXSLPBN:00/input/input1
[    0.837009] ACPI: Sleep Button [SLPF]
[    0.839711] ACPI: Battery Slot [BAT0] (battery present)
[    0.841570] Serial: 8250/16550 driver, 32 ports, IRQ sharing enabled
[    0.864862] 00:02: ttyS0 at I/O 0x3f8 (irq = 4, base_baud = 115200) is a 16550A
[    0.868685] Linux agpgart interface v0.103
[    0.871193] loop: module loaded
[    0.872875] scsi host0: ata_piix
[    0.874088] scsi host1: ata_piix
[    0.875276] ata1: PATA max UDMA/33 cmd 0x1f0 ctl 0x3f6 bmdma 0xd000 irq 14
[    0.877413] ata2: PATA max UDMA/33 cmd 0x170 ctl 0x376 bmdma 0xd008 irq 15
[    0.880221] tun: Universal TUN/TAP device driver, 1.6
[    0.881932] PPP generic driver version 2.4.2
[    0.883421] ehci_hcd: USB 2.0 'Enhanced' Host Controller (EHCI) Driver
[    0.885615] ehci-pci: EHCI PCI platform driver
[    0.887186] ehci-platform: EHCI generic platform driver
[    0.889078] ohci_hcd: USB 1.1 'Open' Host Controller (OHCI) Driver
[    0.891113] ohci-pci: OHCI PCI platform driver
[    0.892663] ohci-platform: OHCI generic platform driver
[    0.894368] uhci_hcd: USB Universal Host Controller Interface driver
[    0.896474] i8042: PNP: PS/2 Controller [PNP0303:PS2K,PNP0f03:PS2M] at 0x60,0x64 irq 1,12
[    0.899699] serio: i8042 KBD port at 0x60,0x64 irq 1
[    0.901425] serio: i8042 AUX port at 0x60,0x64 irq 12
[    0.903214] mousedev: PS/2 mouse device common for all mice
[    0.905322] input: AT Translated Set 2 keyboard as /devices/platform/i8042/serio0/input/input2
[    0.908608] rtc_cmos rtc_cmos: rtc core: registered rtc_cmos as rtc0
[    0.910671] rtc_cmos rtc_cmos: alarms up to one day, 114 bytes nvram
[    0.912770] i2c /dev entries driver
[    0.914071] device-mapper: uevent: version 1.0.3
[    0.915623] device-mapper: ioctl: 4.37.0-ioctl (2017-09-20) initialised: dm-devel@redhat.com
[    0.927322] ledtrig-cpu: registered to indicate activity on CPUs
[    0.929779] intel_pmc_core:  initialized
[    0.931421] NET: Registered protocol family 10
[    0.936367] Segment Routing with IPv6
[    0.937727] NET: Registered protocol family 17
[    0.939292] Key type dns_resolver registered
[    0.940946] mce: Using 0 MCE banks
[    0.942188] RAS: Correctable Errors collector initialized.
[    0.944079] sched_clock: Marking stable (940825903, 0)->(1245542412, -304716509)
[    0.946709] registered taskstats version 1
[    0.948123] Loading compiled-in X.509 certificates
[    0.951958] Loaded X.509 cert 'Build time autogenerated kernel key: b5b26778eaa3ab3a4a6cee031137706e947d12ad'
[    0.955854] Loaded X.509 cert 'Canonical Ltd. Live Patch Signing: 14df34d1a87cf37625abec039ef2bf521249b969'
[    0.959679] Loaded X.509 cert 'Canonical Ltd. Kernel Module Signing: 88f752e560a1e0737e31163a466ad7b70a850c19'
[    0.962883] blacklist: Loading compiled-in revocation X.509 certificates
[    0.965177] Loaded X.509 cert 'Canonical Ltd. Secure Boot Signing: 61482aa2830d0ab2ad5af10b7250da9033ddcef0'
[    0.968505] Loaded X.509 cert 'Canonical Ltd. Secure Boot Signing (2017): 242ade75ac4a15e50d50c84b0d45ff3eae707a03'
[    0.971887] Loaded X.509 cert 'Canonical Ltd. Secure Boot Signing (ESM 2018): 365188c1d374d6b07c3c8f240f8ef722433d6a8b'
[    0.975336] Loaded X.509 cert 'Canonical Ltd. Secure Boot Signing (2019): c0746fd6c5da3ae827864651ad66ae47fe24b3e8'
[    0.979060] Loaded X.509 cert 'Canonical Ltd. Secure Boot Signing (2021 v1): a8d54bbb3825cfb94fa13c9f8a594a195c107b8d'
[    0.982517] Loaded X.509 cert 'Canonical Ltd. Secure Boot Signing (2021 v2): 4cf046892d6fd3c9a5b03f98d845f90851dc6a8c'
[    0.986580] Loaded X.509 cert 'Canonical Ltd. Secure Boot Signing (2021 v3): 100437bb6de6e469b581e61cd66bce3ef4ed53af'
[    0.990247] Loaded X.509 cert 'Canonical Ltd. Secure Boot Signing (Ubuntu Core 2019): c1d57b8f6b743f23ee41f4f7ee292f06eecadfb9'
[    0.994114] zswap: loaded using pool lzo/zbud
[    0.998848] Key type big_key registered
[    1.000287] Key type trusted registered
[    1.003203] Key type encrypted registered
[    1.004633] AppArmor: AppArmor sha1 policy hashing enabled
[    1.006511] ima: No TPM chip found, activating TPM-bypass! (rc=-19)
[    1.008813] ima: Allocated hash algorithm: sha1
[    1.010393] evm: HMAC attrs: 0x1
[    1.011963]   Magic number: 4:645:600
[    1.013377] rtc_cmos rtc_cmos: setting system clock to 2024-08-05 21:34:41 UTC (1722893681)
[    1.016193] BIOS EDD facility v0.16 2004-Jun-25, 0 devices found
[    1.018246] EDD information not available.
[    1.062659] Freeing unused kernel image memory: 2480K
[    1.072860] Write protecting the kernel read-only data: 20480k
[    1.075193] Freeing unused kernel image memory: 2008K
[    1.077133] Freeing unused kernel image memory: 1820K
[    1.088240] x86/mm: Checked W+X mappings: passed, no W+X pages found.
[    1.090191] x86/mm: Checking user space page tables
[    1.100859] x86/mm: Checked W+X mappings: passed, no W+X pages found.
Loading, please wait...
starting version 237
[    1.238458] Fusion MPT base driver 3.04.20
[    1.240987] Copyright (c) 1999-2008 LSI Corporation
[    1.245119] e1000: Intel(R) PRO/1000 Network Driver - version 7.3.21-k8-NAPI
[    1.249625] e1000: Copyright (c) 1999-2006 Intel Corporation.
[    1.277766] Fusion MPT SPI Host driver 3.04.20
[    1.290271] AVX2 version of gcm_enc/dec engaged.
[    1.291700] AES CTR mode by8 optimization enabled
[    1.312099] mptbase: ioc0: Initiating bringup
[    1.421060] ioc0: LSI53C1030 A0: Capabilities={Initiator}
[    1.462176] input: ImExPS/2 Generic Explorer Mouse as /devices/platform/i8042/serio1/input/input4
[    1.672100] scsi host2: ioc0: LSI53C1030 A0, FwRev=00000000h, Ports=1, MaxQ=256, IRQ=20
[    1.840785] scsi 2:0:0:0: Direct-Access     VBOX     HARDDISK         1.0  PQ: 0 ANSI: 5
[    1.843794] scsi target2:0:0: Beginning Domain Validation
[    1.851277] scsi target2:0:0: Domain Validation skipping write tests
[    1.853419] scsi target2:0:0: Ending Domain Validation
[    1.856388] scsi target2:0:0: asynchronous
[    1.859311] scsi 2:0:1:0: Direct-Access     VBOX     HARDDISK         1.0  PQ: 0 ANSI: 5
[    1.862235] scsi target2:0:1: Beginning Domain Validation
[    1.866606] scsi target2:0:1: Domain Validation skipping write tests
[    1.868686] scsi target2:0:1: Ending Domain Validation
[    1.870519] scsi target2:0:1: asynchronous
[    1.878463] sd 2:0:0:0: [sda] 83886080 512-byte logical blocks: (42.9 GB/40.0 GiB)
[    1.886046] sd 2:0:0:0: Attached scsi generic sg0 type 0
[    1.887665] sd 2:0:0:0: [sda] Write Protect is off
[    1.890112] sd 2:0:0:0: [sda] Incomplete mode parameter data
[    1.891978] sd 2:0:0:0: [sda] Assuming drive cache: write through
[    1.894042] sd 2:0:1:0: Attached scsi generic sg1 type 0
[    1.896080] sd 2:0:1:0: [sdb] 20480 512-byte logical blocks: (10.5 MB/10.0 MiB)
[    1.898813] sd 2:0:1:0: [sdb] Write Protect is off
[    1.905419] sd 2:0:1:0: [sdb] Incomplete mode parameter data
[    1.907112] sd 2:0:1:0: [sdb] Assuming drive cache: write through
[    1.959042]  sda: sda1
[    1.980733] sd 2:0:0:0: [sda] Attached SCSI disk
[    1.992791] sd 2:0:1:0: [sdb] Attached SCSI disk
[    2.318765] e1000 0000:00:03.0 eth0: (PCI:33MHz:32-bit) 02:3b:7b:b7:3b:2d
[    2.322591] e1000 0000:00:03.0 eth0: Intel(R) PRO/1000 Network Connection
[    2.848052] e1000 0000:00:08.0 eth1: (PCI:33MHz:32-bit) 08:00:27:ae:c0:c2
[    2.850263] e1000 0000:00:08.0 eth1: Intel(R) PRO/1000 Network Connection
[    2.855459] e1000 0000:00:08.0 enp0s8: renamed from eth1
[    2.863116] e1000 0000:00:03.0 enp0s3: renamed from eth0
Begin: Loading essential drivers ... [    4.544334] raid6: sse2x1   gen()  8952 MB/s
[    4.592109] raid6: sse2x1   xor()  6247 MB/s
[    4.640026] raid6: sse2x2   gen()  8716 MB/s
[    4.688729] raid6: sse2x2   xor()  7743 MB/s
[    4.736042] raid6: sse2x4   gen() 12876 MB/s
[    4.784043] raid6: sse2x4   xor()  6770 MB/s
[    4.832085] raid6: avx2x1   gen()  7839 MB/s
[    4.880070] raid6: avx2x1   xor()  7725 MB/s
[    4.928038] raid6: avx2x2   gen() 21612 MB/s
[    4.976019] raid6: avx2x2   xor() 13823 MB/s
[    5.024032] raid6: avx2x4   gen() 24521 MB/s
[    5.072045] raid6: avx2x4   xor() 15027 MB/s
[    5.073564] raid6: using algorithm avx2x4 gen() 24521 MB/s
[    5.075569] raid6: .... xor() 15027 MB/s, rmw enabled
[    5.077577] raid6: using avx2x2 recovery algorithm
[    5.081420] xor: automatically using best checksumming function   avx       
[    5.085449] async_tx: api initialized (async)
done.
Begin: Running /scripts/init-premount ... done.
Begin: Mounting root file system ... Begin: Running /scripts/local-top ... done.
Begin: Running /scripts/local-premount ... [    5.150992] Btrfs loaded, crc32c=crc32c-intel
Scanning for Btrfs filesystems
done.
Warning: fsck not present, so skipping root file system
[    5.263216] EXT4-fs (sda1): mounted filesystem with ordered data mode. Opts: (null)
done.
Begin: Running /scripts/local-bottom ... done.
Begin: Running /scripts/init-bottom ... done.
[    6.309522] ip_tables: (C) 2000-2006 Netfilter Core Team
[    6.408633] systemd[1]: systemd 237 running in system mode. (+PAM +AUDIT +SELINUX +IMA +APPARMOR +SMACK +SYSVINIT +UTMP +LIBCRYPTSETUP +GCRYPT +GNUTLS +ACL +XZ +LZ4 +SECCOMP +BLKID +ELFUTILS +KMOD -IDN2 +IDN -PCRE2 default-hierarchy=hybrid)
[    6.415914] systemd[1]: Detected virtualization oracle.
[    6.417868] systemd[1]: Detected architecture x86-64.

Welcome to [1mUbuntu 18.04.6 LTS[0m!

[    6.479717] systemd[1]: Set hostname to <ubuntu>.
[    6.486273] systemd[1]: Initializing machine ID from random generator.
[    6.488408] systemd[1]: Installed transient /etc/machine-id file.
[    8.288957] systemd[1]: Reached target Mounting snaps.
[[0;32m  OK  [0m] Reached target Mounting snaps.
[    8.292253] systemd[1]: Created slice System Slice.
[[0;32m  OK  [0m] Created slice System Slice.
[    8.294687] systemd[1]: Listening on fsck to fsckd communication Socket.
[[0;32m  OK  [0m] Listening on fsck to fsckd communication Socket.
[    8.298159] systemd[1]: Listening on /dev/initctl Compatibility Named Pipe.
[[0;32m  OK  [0m] Listening on /dev/initctl Compatibility Named Pipe.
[[0;32m  OK  [0m] Created slice User and Session Slice.
[[0;32m  OK  [0m] Reached target Slices.
[[0;32m  OK  [0m] Listening on Journal Socket (/dev/log).
[[0;32m  OK  [0m] Listening on Journal Audit Socket.
[[0;32m  OK  [0m] Reached target System Time Synchronized.
[[0;32m  OK  [0m] Listening on udev Kernel Socket.
[[0;32m  OK  [0m] Reached target User and Group Name Lookups.
[[0;32m  OK  [0m] Listening on LVM2 poll daemon socket.
[[0;32m  OK  [0m] Listening on udev Control Socket.
[[0;32m  OK  [0m] Started Forward Password Requests to Wall Directory Watch.
[[0;32m  OK  [0m] Listening on Device-mapper event daemon FIFOs.
[[0;32m  OK  [0m] Created slice system-serial\x2dgetty.slice.
[[0;32m  OK  [0m] Listening on Journal Socket.
         Starting udev Coldplug all Devices...
         Starting Load Kernel Modules...
         Starting Uncomplicated firewall...
         Starting File System Check on Root Device...
         Mounting POSIX Message Queue File System...
         Starting Create list of required st…ce nodes for the current kernel...
         Mounting Huge Pages File System...
[[0;32m  OK  [0m] Reached target Swap.
[[0;32m  OK  [0m] Listening on Network Service Netlink Socket.
[[0;32m  OK  [0m] Reached target Mounted snaps.
         Mounting Kernel Debug File System...
[[0;32m  OK  [0m] Listening on Syslog Socket.
         Starting Journal Service...
         Starting Set the console keyboard layout...
[[0;32m  OK  [0m] Set up automount Arbitrary Executab…rmats File System Automount Point.
[[0;32m  OK  [0m] Listening on LVM2 metadata daemon socket.
         Starting Monitoring of LVM2 mirrors…ng dmeventd or progress polling...
[[0;32m  OK  [0m] Started Uncomplicated firewall.
[[0;32m  OK  [0m] Started Create list of required sta…vice nodes for the current kernel.
[[0;32m  OK  [0m] Started File System Check Daemon to report status.
         Starting Create Static Device Nodes in /dev...
[[0;32m  OK  [0m] Started Journal Service.
[    8.798173] Loading iSCSI transport class v2.0-870.
[[0;32m  OK  [0m] Mounted POSIX Message Queue File System.
[[0;32m  OK  [0m] Mounted Kernel Debug File System.
[[0;32m  OK  [0m] Mounted Huge Pages File System.
[[0;32m  OK  [0m] Started udev Coldplug all Devices.
[    8.991965] iscsi: registered transport (tcp)
[[0;32m  OK  [0m] Started File System Check on Root Device.
         Starting Remount Root and Kernel File Systems...
[    9.217742] iscsi: registered transport (iser)
[[0;32m  OK  [0m] Started Load Kernel Modules.
         Mounting Kernel Configuration File System...
         Starting Apply Kernel Variables...
         Mounting FUSE Control File System...
[[0;32m  OK  [0m] Mounted Kernel Configuration File System.
[[0;32m  OK  [0m] Mounted FUSE Control File System.
[    9.295039] EXT4-fs (sda1): re-mounted. Opts: (null)
[[0;32m  OK  [0m] Started Remount Root and Kernel File Systems.
         Starting Flush Journal to Persistent Storage...
         Starting Load/Save Random Seed...
[[0;32m  OK  [0m] Started Create Static Device Nodes in /dev.
         Starting udev Kernel Device Manager...
[[0;32m  OK  [0m] Started Apply Kernel Variables.
[[0;32m  OK  [0m] Started Load/Save Random Seed.
[[0;32m  OK  [0m] Started LVM2 metadata daemon.
[[0;32m  OK  [0m] Started Flush Journal to Persistent Storage.
[[0;32m  OK  [0m] Started udev Kernel Device Manager.
[[0;32m  OK  [0m] Started Monitoring of LVM2 mirrors,…sing dmeventd or progress polling.
[[0;32m  OK  [0m] Found device /dev/ttyS0.
[[0;32m  OK  [0m] Listening on Load/Save RF Kill Switch Status /dev/rfkill Watch.
         Mounting Arbitrary Executable File Formats File System...
[[0;32m  OK  [0m] Mounted Arbitrary Executable File Formats File System.
[[0;32m  OK  [0m] Started Set the console keyboard layout.
[[0;32m  OK  [0m] Started Dispatch Password Requests to Console Directory Watch.
[[0;32m  OK  [0m] Reached target Local Encrypted Volumes.
[[0;32m  OK  [0m] Reached target Local File Systems (Pre).
[[0;32m  OK  [0m] Reached target Local File Systems.
         Starting Commit a transient machine-id on disk...
         Starting Tell Plymouth To Write Out Runtime Data...
         Starting AppArmor initialization...
         Starting Create Volatile Files and Directories...
         Starting Set console font and keymap...
         Starting ebtables ruleset management...
[[0;32m  OK  [0m] Started Tell Plymouth To Write Out Runtime Data.
[[0;32m  OK  [0m] Started Commit a transient machine-id on disk.
[[0;32m  OK  [0m] Started Create Volatile Files and Directories.
         Starting Update UTMP about System Boot/Shutdown...
[[0;32m  OK  [0m] Started Update UTMP about System Boot/Shutdown.
[[0;32m  OK  [0m] Started ebtables ruleset management.
[[0;32m  OK  [0m] Started Set console font and keymap.
[[0;32m  OK  [0m] Started AppArmor initialization.
         Starting Initial cloud-init job (pre-networking)...
         Starting Load AppArmor profiles managed internally by snapd...
[[0;32m  OK  [0m] Started Load AppArmor profiles managed internally by snapd.
[   22.819418] cloud-init[849]: Cloud-init v. 23.1.2-0ubuntu0~18.04.1 running 'init-local' at Mon, 05 Aug 2024 21:35:02 +0000. Up 21.91 seconds.
[[0;32m  OK  [0m] Started Initial cloud-init job (pre-networking).
[[0;32m  OK  [0m] Reached target Network (Pre).
         Starting Network Service...
[[0;32m  OK  [0m] Started Network Service.
         Starting Wait for Network to be Configured...
         Starting Network Name Resolution...
[[0;32m  OK  [0m] Started Network Name Resolution.
[[0;32m  OK  [0m] Reached target Network.
[[0;32m  OK  [0m] Reached target Host and Network Name Lookups.
[[0;32m  OK  [0m] Started Wait for Network to be Configured.
         Starting Initial cloud-init job (metadata service crawler)...
[   25.840161] cloud-init[968]: Cloud-init v. 23.1.2-0ubuntu0~18.04.1 running 'init' at Mon, 05 Aug 2024 21:35:06 +0000. Up 25.53 seconds.
[   25.852186] cloud-init[968]: ci-info: ++++++++++++++++++++++++++++++++++++++Net device info+++++++++++++++++++++++++++++++++++++++
[   25.864184] cloud-init[968]: ci-info: +--------+-------+----------------------------+---------------+--------+-------------------+
[   25.876180] cloud-init[968]: ci-info: | Device |   Up  |          Address           |      Mask     | Scope  |     Hw-Address    |
[   25.888483] cloud-init[968]: ci-info: +--------+-------+----------------------------+---------------+--------+-------------------+
[   25.890911] cloud-init[968]: ci-info: | enp0s3 |  True |         10.0.2.15          | 255.255.255.0 | global | 02:3b:7b:b7:3b:2d |
[   25.908158] cloud-init[968]: ci-info: | enp0s3 |  True | fe80::3b:7bff:feb7:3b2d/64 |       .       |  link  | 02:3b:7b:b7:3b:2d |
[   25.920392] cloud-init[968]: ci-info: | enp0s8 | False |             .              |       .       |   .    | 08:00:27:ae:c0:c2 |
[   25.924155] cloud-init[968]: ci-info: |   lo   |  True |         127.0.0.1          |   255.0.0.0   |  host  |         .         |
[   25.928137] cloud-init[968]: ci-info: |   lo   |  True |          ::1/128           |       .       |  host  |         .         |
[   25.929912] cloud-init[968]: ci-info: +--------+-------+----------------------------+---------------+--------+-------------------+
[   25.932112] cloud-init[968]: ci-info: ++++++++++++++++++++++++++++Route IPv4 info+++++++++++++++++++++++++++++
[   25.934654] cloud-init[968]: ci-info: +-------+-------------+----------+-----------------+-----------+-------+
[   25.936972] cloud-init[968]: ci-info: | Route | Destination | Gateway  |     Genmask     | Interface | Flags |
[   25.944181] cloud-init[968]: ci-info: +-------+-------------+----------+-----------------+-----------+-------+
[   25.946500] cloud-init[968]: ci-info: |   0   |   0.0.0.0   | 10.0.2.2 |     0.0.0.0     |   enp0s3  |   UG  |
[   25.951132] cloud-init[968]: ci-info: |   1   |   10.0.2.0  | 0.0.0.0  |  255.255.255.0  |   enp0s3  |   U   |
[   25.953880] cloud-init[968]: ci-info: |   2   |   10.0.2.2  | 0.0.0.0  | 255.255.255.255 |   enp0s3  |   UH  |
[   25.956539] cloud-init[968]: ci-info: +-------+-------------+----------+-----------------+-----------+-------+
[   25.959230] cloud-init[968]: ci-info: +++++++++++++++++++Route IPv6 info+++++++++++++++++++
[   25.968449] cloud-init[968]: ci-info: +-------+-------------+---------+-----------+-------+
[   25.970462] cloud-init[968]: ci-info: | Route | Destination | Gateway | Interface | Flags |
[   25.972732] cloud-init[968]: ci-info: +-------+-------------+---------+-----------+-------+
[   25.977854] cloud-init[968]: ci-info: |   1   |  fe80::/64  |    ::   |   enp0s3  |   U   |
[   25.984156] cloud-init[968]: ci-info: |   3   |    local    |    ::   |   enp0s3  |   U   |
[   25.986195] cloud-init[968]: ci-info: |   4   |   ff00::/8  |    ::   |   enp0s3  |   U   |
[   25.992239] cloud-init[968]: ci-info: +-------+-------------+---------+-----------+-------+
[   27.959127] cloud-init[968]: Generating public/private rsa key pair.
[   27.964197] cloud-init[968]: Your identification has been saved in /etc/ssh/ssh_host_rsa_key.
[   27.972170] cloud-init[968]: Your public key has been saved in /etc/ssh/ssh_host_rsa_key.pub.
[   27.974384] cloud-init[968]: The key fingerprint is:
[   27.980335] cloud-init[968]: SHA256:UqdaJ29MdgcnWq9CJz5Lc4h2aJXQz+vnOCD0Q02s+rI root@ubuntu-bionic
[   27.988258] cloud-init[968]: The key's randomart image is:
[   27.990630] cloud-init[968]: +---[RSA 2048]----+
[   27.996426] cloud-init[968]: |           .     |
[   27.998163] cloud-init[968]: |         .  o    |
[   28.004232] cloud-init[968]: |        o o++ .  |
[   28.005943] cloud-init[968]: |       ..+o*.=   |
[   28.007617] cloud-init[968]: |      ..S+X = o  |
[   28.013462] cloud-init[968]: |       +o&+= +   |
[   28.015511] cloud-init[968]: |      . =o%o+    |
[   28.021137] cloud-init[968]: |       o.+.B...  |
[   28.028337] cloud-init[968]: |        Eo. o+.  |
[   28.030246] cloud-init[968]: +----[SHA256]-----+
[   28.036442] cloud-init[968]: Generating public/private dsa key pair.
[   28.040239] cloud-init[968]: Your identification has been saved in /etc/ssh/ssh_host_dsa_key.
[   28.048194] cloud-init[968]: Your public key has been saved in /etc/ssh/ssh_host_dsa_key.pub.
[   28.056209] cloud-init[968]: The key fingerprint is:
[   28.058493] cloud-init[968]: SHA256:ZymgUnpHriqZZahwTaEWXb1Yno68ASYIL3ZqUYjDwi4 root@ubuntu-bionic
[   28.068470] cloud-init[968]: The key's randomart image is:
[   28.072202] cloud-init[968]: +---[DSA 1024]----+
[   28.076219] cloud-init[968]: |+ .. ...         |
[   28.084197] cloud-init[968]: |=+..o   o        |
[   28.086325] cloud-init[968]: |++.o..o+ o       |
[   28.092366] cloud-init[968]: |E+=+++..+  .     |
[   28.094685] cloud-init[968]: |o+*=ooooS +      |
[   28.100589] cloud-init[968]: |oo+o.o+ .+       |
[   28.104189] cloud-init[968]: |+*  .  o         |
[   28.108158] cloud-init[968]: |=  .  .          |
[   28.112212] cloud-init[968]: | ..              |
[   28.116230] cloud-init[968]: +----[SHA256]-----+
[   28.120202] cloud-init[968]: Generating public/private ecdsa key pair.
[   28.128218] cloud-init[968]: Your identification has been saved in /etc/ssh/ssh_host_ecdsa_key.
[   28.131159] cloud-init[968]: Your public key has been saved in /etc/ssh/ssh_host_ecdsa_key.pub.
[   28.138502] cloud-init[968]: The key fingerprint is:
[   28.144509] cloud-init[968]: SHA256:xcv0esIgq5aSPKrFUiT2NmoFqk4NuCBevHYhH6Y+AOo root@ubuntu-bionic
[   28.152567] cloud-init[968]: The key's randomart image is:
[   28.160270] cloud-init[968]: +---[ECDSA 256]---+
[   28.162307] cloud-init[968]: |                 |
[   28.167063] cloud-init[968]: [[0;32m  OK  [0m] Started Initial cloud-init job (metadata service crawler).|         .       |
[   28.173279] cloud-init[968]: |.o.       +      |
[   28.175375] cloud-init
[[0;32m  OK  [0m] Reached target Cloud-config availability.
[[0;32m  OK  [0m[968]: |=o+      + o     |
[   28.181614] cloud-init[968]: |B..O +. S o .    |
[   28.183807] ] Reached target Network is Online.
[[0;32m  OK  [0m] Reached target Remote File Systems (Pre).
[[0;32m  OK  [0m] Reached target Remote File Systems.
cloud-init[968]: |*=B B oo o .     |
         Starting Availability of block devices...
[[0;32m  OK  [0m] Reached target System Initialization.
[   28.208890] cloud-init[968]: |=*+* +.   + .    |
[[0;32m  OK  [0m] Started Message of the Day.
[[0;32m  OK  [0m] Listening on ACPID Listen Socket.
[   28.219519] [[0;32m  OK  [0m] Listening on UUID daemon activation socket.cloud-init[968]: |+EB.+.     o     |
[   28.227664] 
[[0;32m  OK  [0m] Started Discard unused blocks once a week.
cloud-init[968]: |+o =o            |
[   28.236283] cloud-init[968]: +----[SHA256]-----+
[   28.241605] cloud-init[968]: [[0;32m  OK  [0m] Started ACPI Events Check.
[[0;32m  OK  [0m] Listening on cloud-init hotplug hook socket.Generating public/private ed25519 key pair.
         Starting Socket activation for snappy daemon.
[[0;32m  OK  [0m] Reached target Paths.
[   28.263128] cloud-init[968]: 
[[0;32m  OK  [0m] Listening on Open-iSCSI iscsid Socket.
Your identification has been saved in /etc/ssh/ssh_host_ed25519_key.
[   28.274884] cloud-init[968]: Your public key has been saved in /etc/ssh/ssh_host_ed25519_key.pub.         Starting LXD - unix socket.
[[0;32m  OK  [0m] Listening on D-Bus System Message Bus Socket.
[[0;32m  OK  [0m] Started Daily Cleanup of Temporary Directories.
[   28.302455] cloud-init[968]: 
[[0;32m  OK  [0mThe key fingerprint is:
] Started Ubuntu Advantage Timer for running repeated jobs.
[[0;32m  OK  [0m] Started Daily apt download activities.[   28.323014] cloud-init[968]: SHA256:NxBJYC7MVX+LDaPr2eDq04XmBfRO/sjoWY9iUGGIMw0 root@ubuntu-bionic
[[0;32m  OK  [0m] Started Daily apt upgrade and clean activities.
[[0;32m  OK  [0m] Reached target Timers.
[[0;32m  OK  [0m] Started Availability of block devices.
[[0;32m  OK  [0m] Listening on Socket activation for snappy daemon.
[[0;32m  OK  [0m] Listening on LXD - unix socket.
[[0;32m  OK  [0m] Reached target Sockets.
[   28.360860] cloud-init[968]: The key's randomart image is:
[   28.363453] cloud-init
[[0;32m  OK  [0m] Reached target Basic System.[968]: +--[ED25519 256]--+
[   28.373029] cloud-init[968]: |    E++=+.       |
[   28.374985] cloud-init[968]: 
|   o++o =o       |
[[0;32m  OK  [0m] Started Regular background program processing daemon.[   28.389128] cloud-init[968]: |    +o.o.o+ .    |
[   28.391481] 
[[0;32m  OK  [0m] Started FUSE filesystem for LXC.
         cloud-init[968]: |     .  ooo* .   |
Starting LSB: automatic crash report generation...
[[0;32m  OK  [0m] Reached target Login Prompts (Pre).
         Starting Login Service...
[   28.427627] cloud-init         Starting LSB: Record successful boot for GRUB...
[968]: |       .S*+ o    |
         Starting LXD - container startup/shutdown...
         Starting Permit User Sessions...
[   28.459806] cloud-init[968]: |      . oo=.     |
[   28.464541] cloud-init[968]: |       =o=.o     |
[   28.468192] cloud-init[968]: |      .o**oo.    |
[   28.475155] cloud-init[968]: |     .o=*.o .    |
[   28.480286] cloud-init[968]: +----[SHA256]-----+
         Starting Pollinate to seed the pseudo random number generator...
         Starting System Logging Service...
[[0;32m  OK  [0m] Started D-Bus System Message Bus.
[[0;32m  OK  [0m] Started Deferred execution scheduler.
         Starting Dispatcher daemon for systemd-networkd...
         Starting Virtualbox guest utils...
[[0;32m  OK  [0m] Started irqbalance daemon.
         Starting Accounts Service...
         Starting Snap Daemon...
[[0;32m  OK  [0m] Started System Logging Service.
[[0;32m  OK  [0m] Started Permit User Sessions.
[[0;32m  OK  [0m] Started Login Service.
[[0;32m  OK  [0m] Started Unattended Upgrades Shutdown.
         Starting Terminate Plymouth Boot Screen...
         Starting Hold until boot process finishes up...
[[0;32m  OK  [0m] Started Terminate Plymouth Boot Screen.
[[0;32m  OK  [0m] Started Hold until boot process finishes up.
         Starting Set console scheme...
[[0;32m  OK  [0m] Started Serial Getty on ttyS0.
[[0;32m  OK  [0m] Started Set console scheme.
[[0;32m  OK  [0m] Created slice system-getty.slice.
[[0;32m  OK  [0m] Started Getty on tty1.
[[0;32m  OK  [0m] Reached target Login Prompts.
[[0;32m  OK  [0m] Started LSB: automatic crash report generation.
[[0;32m  OK  [0m] Started LSB: Record successful boot for GRUB.
         Starting Authorization Manager...
[[0;32m  OK  [0m] Started Virtualbox guest utils.
[[0;32m  OK  [0m] Started Authorization Manager.
[[0;32m  OK  [0m] Started Accounts Service.
[[0;32m  OK  [0m] Started Dispatcher daemon for systemd-networkd.

Ubuntu 18.04.6 LTS ubuntu-bionic ttyS0

ubuntu-bionic login: [   69.076641] cloud-init[1637]: Cloud-init v. 23.1.2-0ubuntu0~18.04.1 running 'modules:config' at Mon, 05 Aug 2024 21:35:45 +0000. Up 64.86 seconds.
ci-info: no authorized SSH keys fingerprints found for user ubuntu.
<14>Aug  5 21:35:54 cloud-init: #############################################################
<14>Aug  5 21:35:54 cloud-init: -----BEGIN SSH HOST KEY FINGERPRINTS-----
<14>Aug  5 21:35:55 cloud-init: 1024 SHA256:ZymgUnpHriqZZahwTaEWXb1Yno68ASYIL3ZqUYjDwi4 root@ubuntu-bionic (DSA)
<14>Aug  5 21:35:55 cloud-init: 256 SHA256:xcv0esIgq5aSPKrFUiT2NmoFqk4NuCBevHYhH6Y+AOo root@ubuntu-bionic (ECDSA)
<14>Aug  5 21:35:55 cloud-init: 256 SHA256:NxBJYC7MVX+LDaPr2eDq04XmBfRO/sjoWY9iUGGIMw0 root@ubuntu-bionic (ED25519)
<14>Aug  5 21:35:55 cloud-init: 2048 SHA256:UqdaJ29MdgcnWq9CJz5Lc4h2aJXQz+vnOCD0Q02s+rI root@ubuntu-bionic (RSA)
<14>Aug  5 21:35:55 cloud-init: -----END SSH HOST KEY FINGERPRINTS-----
<14>Aug  5 21:35:55 cloud-init: #############################################################
-----BEGIN SSH HOST KEY KEYS-----
ecdsa-sha2-nistp256 AAAAE2VjZHNhLXNoYTItbmlzdHAyNTYAAAAIbmlzdHAyNTYAAABBBDspzllQEVoZKOCxQfWxNgLX1eCP3uh9fT9oWsU5zWnghqYuJ11LYls6hoAs37wLqCcFg2sg6OP7i+s6hHuwaCY= root@ubuntu-bionic
ssh-ed25519 AAAAC3NzaC1lZDI1NTE5AAAAIMb7SbXQ2dwRUcuco4F9txapOwbtZalZVYX5Ntd8F1eA root@ubuntu-bionic
ssh-rsa AAAAB3NzaC1yc2EAAAADAQABAAABAQDUv0fzVTif0e32j2+BkDbWLkoq/tY8kmIPNeGMgJNYOC0RFZ9g2J+36usQl38I6BmFIbmMVpopzlTuk3WWCIMG8WwegNKapfuMzZNzqi8BItt/iXrgx6NVeq5nxD8J1Qt+xu5kCAo0OndXqT7Uouil4aS6GO5fT+pUxKMytSWzEczr1q/f0KffAKBOVkxYPKQZMaStj5CDu1kHGU9f8KMeVhVjf2TpMzdLPmnOzcTG9tJK91dhPpQs+O2U/UKepGKS4IFUj3+LjBIiRn/KPyV3zdII0dCwVGKcEvBTrANOzzVIqMs/9Ta8svtef70xwQpfyFXUYtZTwXGegZes7khn root@ubuntu-bionic
-----END SSH HOST KEY KEYS-----
[   74.670137] cloud-init[2024]: Cloud-init v. 23.1.2-0ubuntu0~18.04.1 running 'modules:final' at Mon, 05 Aug 2024 21:35:54 +0000. Up 73.73 seconds.
[   74.672596] cloud-init[2024]: Cloud-init v. 23.1.2-0ubuntu0~18.04.1 finished at Mon, 05 Aug 2024 21:35:55 +0000. Datasource DataSourceNoCloud [seed=/dev/sdb][dsmode=net].  Up 74.65 seconds
